c:\users\k024g\onedrive\デスクトップ\cg2\cg2_0_0\cg2_0_0\x64\debug\vc143.pdb
c:\users\k024g\onedrive\デスクトップ\cg2\cg2_0_0\cg2_0_0\x64\debug\vc143.idb
c:\users\k024g\onedrive\デスクトップ\cg2\cg2_0_0\cg2_0_0\x64\debug\main.obj
c:\users\k024g\onedrive\デスクトップ\cg2\cg2_0_0\cg2_0_0\x64\debug\imgui_demo.obj
c:\users\k024g\onedrive\デスクトップ\cg2\cg2_0_0\cg2_0_0\x64\debug\imgui_widgets.obj
c:\users\k024g\onedrive\デスクトップ\cg2\cg2_0_0\cg2_0_0\x64\debug\imgui_impl_win32.obj
c:\users\k024g\onedrive\デスクトップ\cg2\cg2_0_0\cg2_0_0\x64\debug\imgui_impl_dx12.obj
c:\users\k024g\onedrive\デスクトップ\cg2\cg2_0_0\cg2_0_0\x64\debug\imgui_tables.obj
c:\users\k024g\onedrive\デスクトップ\cg2\cg2_0_0\cg2_0_0\x64\debug\imgui_draw.obj
c:\users\k024g\onedrive\デスクトップ\cg2\cg2_0_0\cg2_0_0\x64\debug\imgui.obj
c:\users\k024g\onedrive\デスクトップ\cg2\cg2_0_0\x64\debug\cg2_0_0.exe
c:\users\k024g\onedrive\デスクトップ\cg2\cg2_0_0\x64\debug\cg2_0_0.pdb
c:\users\k024g\onedrive\デスクトップ\cg2\cg2_0_0\cg2_0_0\x64\debug\cg2_0_0.ilk
c:\users\k024g\onedrive\デスクトップ\cg2\cg2_0_0\cg2_0_0\x64\debug\cg2_0_0.tlog\cl.command.1.tlog
c:\users\k024g\onedrive\デスクトップ\cg2\cg2_0_0\cg2_0_0\x64\debug\cg2_0_0.tlog\cl.items.tlog
c:\users\k024g\onedrive\デスクトップ\cg2\cg2_0_0\cg2_0_0\x64\debug\cg2_0_0.tlog\cl.read.1.tlog
c:\users\k024g\onedrive\デスクトップ\cg2\cg2_0_0\cg2_0_0\x64\debug\cg2_0_0.tlog\cl.write.1.tlog
c:\users\k024g\onedrive\デスクトップ\cg2\cg2_0_0\cg2_0_0\x64\debug\cg2_0_0.tlog\link.command.1.tlog
c:\users\k024g\onedrive\デスクトップ\cg2\cg2_0_0\cg2_0_0\x64\debug\cg2_0_0.tlog\link.read.1.tlog
c:\users\k024g\onedrive\デスクトップ\cg2\cg2_0_0\cg2_0_0\x64\debug\cg2_0_0.tlog\link.secondary.1.tlog
c:\users\k024g\onedrive\デスクトップ\cg2\cg2_0_0\cg2_0_0\x64\debug\cg2_0_0.tlog\link.write.1.tlog
